app/build/intermediates/manifest_merge_blame_file/debug/manifest-merger-blame-debug-report.txt
1<?xml version="1.0" encoding="utf-8"?>
2<manifest xmlns:android="http://schemas.android.com/apk/res/android"
3    package="com.blemesh.app"
4    android:versionCode="1"
5    android:versionName="1.0" >
6
7    <uses-sdk
8        android:minSdkVersion="26"
9        android:targetSdkVersion="34" />
10
11    <!-- Bluetooth permissions -->
12    <uses-permission
12-->src\main\AndroidManifest.xml:6:5-95
13        android:name="android.permission.BLUETOOTH"
13-->src\main\AndroidManifest.xml:6:22-65
14        android:maxSdkVersion="30" />
14-->src\main\AndroidManifest.xml:6:66-92
15    <uses-permission
15-->src\main\AndroidManifest.xml:7:5-101
16        android:name="android.permission.BLUETOOTH_ADMIN"
16-->src\main\AndroidManifest.xml:7:22-71
17        android:maxSdkVersion="30" />
17-->src\main\AndroidManifest.xml:7:72-98
18    <uses-permission android:name="android.permission.BLUETOOTH_SCAN" />
18-->src\main\AndroidManifest.xml:8:5-73
18-->src\main\AndroidManifest.xml:8:22-70
19    <uses-permission android:name="android.permission.BLUETOOTH_CONNECT" />
19-->src\main\AndroidManifest.xml:9:5-76
19-->src\main\AndroidManifest.xml:9:22-73
20    <uses-permission android:name="android.permission.BLUETOOTH_ADVERTISE" />
20-->src\main\AndroidManifest.xml:10:5-78
20-->src\main\AndroidManifest.xml:10:22-75
21    <uses-permission android:name="android.permission.ACCESS_FINE_LOCATION" />
21-->src\main\AndroidManifest.xml:11:5-79
21-->src\main\AndroidManifest.xml:11:22-76
22    <uses-permission android:name="android.permission.ACCESS_COARSE_LOCATION" />
22-->src\main\AndroidManifest.xml:12:5-81
22-->src\main\AndroidManifest.xml:12:22-78
23    <uses-permission android:name="android.permission.POST_NOTIFICATIONS" />
23-->src\main\AndroidManifest.xml:13:5-77
23-->src\main\AndroidManifest.xml:13:22-74
24
25    <uses-feature
25-->src\main\AndroidManifest.xml:15:5-90
26        android:name="android.hardware.bluetooth_le"
26-->src\main\AndroidManifest.xml:15:19-63
27        android:required="true" />
27-->src\main\AndroidManifest.xml:15:64-87
28
29    <permission
29-->[androidx.core:core:1.12.0] AndroidManifest.xml:22:5-24:47
30        android:name="com.blemesh.app.DYNAMIC_RECEIVER_NOT_EXPORTED_PERMISSION"
30-->[androidx.core:core:1.12.0] AndroidManifest.xml:23:9-81
31        android:protectionLevel="signature" />
31-->[androidx.core:core:1.12.0] AndroidManifest.xml:24:9-44
32
33    <uses-permission android:name="com.blemesh.app.DYNAMIC_RECEIVER_NOT_EXPORTED_PERMISSION" />
33-->[androidx.core:core:1.12.0] AndroidManifest.xml:26:5-97
33-->[androidx.core:core:1.12.0] AndroidManifest.xml:26:22-94
34
35    <application
35-->src\main\AndroidManifest.xml:17:5-36:19
36        android:name="com.blemesh.app.BLEMeshApp"
36-->src\main\AndroidManifest.xml:18:9-35
37        android:allowBackup="true"
37-->src\main\AndroidManifest.xml:19:9-35
38        android:appComponentFactory="androidx.core.app.CoreComponentFactory"
38-->[androidx.core:core:1.12.0] AndroidManifest.xml:28:18-86
39        android:debuggable="true"
40        android:extractNativeLibs="false"
41        android:icon="@mipmap/ic_launcher"
41-->src\main\AndroidManifest.xml:20:9-43
42        android:label="@string/app_name"
42-->src\main\AndroidManifest.xml:21:9-41
43        android:roundIcon="@mipmap/ic_launcher_round"
43-->src\main\AndroidManifest.xml:22:9-54
44        android:supportsRtl="true"
44-->src\main\AndroidManifest.xml:23:9-35
45        android:testOnly="true"
46        android:theme="@style/Theme.BLEMeshMessenger" >
46-->src\main\AndroidManifest.xml:24:9-54
47        <activity
47-->src\main\AndroidManifest.xml:27:9-35:20
48            android:name="com.blemesh.app.MainActivity"
48-->src\main\AndroidManifest.xml:28:13-41
49            android:exported="true"
49-->src\main\AndroidManifest.xml:29:13-36
50            android:theme="@style/Theme.BLEMeshMessenger" >
50-->src\main\AndroidManifest.xml:30:13-58
51            <intent-filter>
51-->src\main\AndroidManifest.xml:31:13-34:29
52                <action android:name="android.intent.action.MAIN" />
52-->src\main\AndroidManifest.xml:32:17-69
52-->src\main\AndroidManifest.xml:32:25-66
53
54                <category android:name="android.intent.category.LAUNCHER" />
54-->src\main\AndroidManifest.xml:33:17-77
54-->src\main\AndroidManifest.xml:33:27-74
55            </intent-filter>
56        </activity>
57        <activity
57-->[androidx.compose.ui:ui-tooling-android:1.6.1] AndroidManifest.xml:23:9-25:39
58            android:name="androidx.compose.ui.tooling.PreviewActivity"
58-->[androidx.compose.ui:ui-tooling-android:1.6.1] AndroidManifest.xml:24:13-71
59            android:exported="true" />
59-->[androidx.compose.ui:ui-tooling-android:1.6.1] AndroidManifest.xml:25:13-36
60
61        <provider
61-->[androidx.emoji2:emoji2:1.3.0] AndroidManifest.xml:24:9-32:20
62            android:name="androidx.startup.InitializationProvider"
62-->[androidx.emoji2:emoji2:1.3.0] AndroidManifest.xml:25:13-67
63            android:authorities="com.blemesh.app.androidx-startup"
63-->[androidx.emoji2:emoji2:1.3.0] AndroidManifest.xml:26:13-68
64            android:exported="false" >
64-->[androidx.emoji2:emoji2:1.3.0] AndroidManifest.xml:27:13-37
65            <meta-data
65-->[androidx.emoji2:emoji2:1.3.0] AndroidManifest.xml:29:13-31:52
66                android:name="androidx.emoji2.text.EmojiCompatInitializer"
66-->[androidx.emoji2:emoji2:1.3.0] AndroidManifest.xml:30:17-75
67                android:value="androidx.startup" />
67-->[androidx.emoji2:emoji2:1.3.0] AndroidManifest.xml:31:17-49
68            <meta-data
68-->[androidx.lifecycle:lifecycle-process:2.7.0] AndroidManifest.xml:29:13-31:52
69                android:name="androidx.lifecycle.ProcessLifecycleInitializer"
69-->[androidx.lifecycle:lifecycle-process:2.7.0] AndroidManifest.xml:30:17-78
70                android:value="androidx.startup" />
70-->[androidx.lifecycle:lifecycle-process:2.7.0] AndroidManifest.xml:31:17-49
71            <meta-data
71-->[androidx.profileinstaller:profileinstaller:1.3.0] AndroidManifest.xml:29:13-31:52
72                android:name="androidx.profileinstaller.ProfileInstallerInitializer"
72-->[androidx.profileinstaller:profileinstaller:1.3.0] AndroidManifest.xml:30:17-85
73                android:value="androidx.startup" />
73-->[androidx.profileinstaller:profileinstaller:1.3.0] AndroidManifest.xml:31:17-49
74        </provider>
75
76        <receiver
76-->[androidx.profileinstaller:profileinstaller:1.3.0] AndroidManifest.xml:34:9-52:20
77            android:name="androidx.profileinstaller.ProfileInstallReceiver"
77-->[androidx.profileinstaller:profileinstaller:1.3.0] AndroidManifest.xml:35:13-76
78            android:directBootAware="false"
78-->[androidx.profileinstaller:profileinstaller:1.3.0] AndroidManifest.xml:36:13-44
79            android:enabled="true"
79-->[androidx.profileinstaller:profileinstaller:1.3.0] AndroidManifest.xml:37:13-35
80            android:exported="true"
80-->[androidx.profileinstaller:profileinstaller:1.3.0] AndroidManifest.xml:38:13-36
81            android:permission="android.permission.DUMP" >
81-->[androidx.profileinstaller:profileinstaller:1.3.0] AndroidManifest.xml:39:13-57
82            <intent-filter>
82-->[androidx.profileinstaller:profileinstaller:1.3.0] AndroidManifest.xml:40:13-42:29
83                <action android:name="androidx.profileinstaller.action.INSTALL_PROFILE" />
83-->[androidx.profileinstaller:profileinstaller:1.3.0] AndroidManifest.xml:41:17-91
83-->[androidx.profileinstaller:profileinstaller:1.3.0] AndroidManifest.xml:41:25-88
84            </intent-filter>
85            <intent-filter>
85-->[androidx.profileinstaller:profileinstaller:1.3.0] AndroidManifest.xml:43:13-45:29
86                <action android:name="androidx.profileinstaller.action.SKIP_FILE" />
86-->[androidx.profileinstaller:profileinstaller:1.3.0] AndroidManifest.xml:44:17-85
86-->[androidx.profileinstaller:profileinstaller:1.3.0] AndroidManifest.xml:44:25-82
87            </intent-filter>
88            <intent-filter>
88-->[androidx.profileinstaller:profileinstaller:1.3.0] AndroidManifest.xml:46:13-48:29
89                <action android:name="androidx.profileinstaller.action.SAVE_PROFILE" />
89-->[androidx.profileinstaller:profileinstaller:1.3.0] AndroidManifest.xml:47:17-88
89-->[androidx.profileinstaller:profileinstaller:1.3.0] AndroidManifest.xml:47:25-85
90            </intent-filter>
91            <intent-filter>
91-->[androidx.profileinstaller:profileinstaller:1.3.0] AndroidManifest.xml:49:13-51:29
92                <action android:name="androidx.profileinstaller.action.BENCHMARK_OPERATION" />
92-->[androidx.profileinstaller:profileinstaller:1.3.0] AndroidManifest.xml:50:17-95
92-->[androidx.profileinstaller:profileinstaller:1.3.0] AndroidManifest.xml:50:25-92
93            </intent-filter>
94        </receiver>
95    </application>
96
97</manifest>